<?xml version="1.0" encoding="UTF-8"?>
<!-- Generated by org.testng.reporters.JUnitXMLReporter -->
<testsuite hostname="YASUs-MacBook-Pro.local" ignored="0" name="hub spot Sanity Test" tests="3" failures="0" timestamp="26 Nov 2019 00:53:48 GMT" time="47.853" errors="0">
  <testcase name="verifyHomePageTitleTest" time="0.021" classname="com.hubspot.tests.HomePageTest"/>
  <testcase name="verifyHomePageHeaderTest" time="0.044" classname="com.hubspot.tests.HomePageTest"/>
  <testcase name="verifyLoggedCompanyInfo" time="0.056" classname="com.hubspot.tests.HomePageTest"/>
</testsuite> <!-- hub spot Sanity Test -->
