<?xml version="1.0" encoding="UTF-8"?>
<!-- Generated by org.testng.reporters.JUnitXMLReporter -->
<testsuite hostname="YASUs-MacBook-Pro.local" ignored="0" name="Default test" tests="4" failures="0" timestamp="06 Dec 2019 06:15:05 GMT" time="122.316" errors="0">
  <testcase name="verifyContactsPageTitle" time="10.096" classname="com.hubspot.tests.ContactsPageTest"/>
  <testcase name="createNewPOMContactTest" time="17.401" classname="com.hubspot.tests.ContactsPageTest"/>
  <testcase name="createNewPOMContactTest" time="17.549" classname="com.hubspot.tests.ContactsPageTest"/>
  <testcase name="createNewPOMContactTest" time="17.877" classname="com.hubspot.tests.ContactsPageTest"/>
</testsuite> <!-- Default test -->
